#
# A fatal error has been detected by the Java Runtime Environment:
#
#  EXCEPTION_ACCESS_VIOLATION (0xc0000005) at pc=0x0000000073b678b0, pid=6836, tid=0x0000000000000d10
#
# JRE version: Java(TM) SE Runtime Environment (8.0_171-b11) (build 1.8.0_171-b11)
# Java VM: Java HotSpot(TM) 64-Bit Server VM (25.171-b11 mixed mode windows-amd64 compressed oops)
# Problematic frame:
# C  [glass.dll+0x278b0]
#
# Failed to write core dump. Minidumps are not enabled by default on client versions of Windows
#
# If you would like to submit a bug report, please visit:
#   http://bugreport.java.com/bugreport/crash.jsp
#

---------------  T H R E A D  ---------------

Current thread (0x00000000552b0800):  VMThread [stack: 0x0000000056290000,0x0000000056390000] [id=3344]

siginfo: ExceptionCode=0xc0000005, reading address 0x0000000000000000

Registers:
RAX=0x0000000000000000, RBX=0x0000000057773300, RCX=0x00000000552b0800, RDX=0x000000006ab3ed78
RSP=0x000000005638f390, RBP=0x00000000004cd958, RSI=0x00000000004cd930, RDI=0x00008cf1dfe6348d
R8 =0x0000000000010002, R9 =0x000000000000000d, R10=0x00008cf1dfe6348d, R11=0x0000002100740009
R12=0x0000000000000000, R13=0x0000000000000040, R14=0x000000005638f4a8, R15=0x00000000004cd930
RIP=0x0000000073b678b0, EFLAGS=0x0000000000010206

Top of Stack: (sp=0x000000005638f390)
0x000000005638f390:   0000000000000000 000007feea25c97b
0x000000005638f3a0:   000000005638f430 0000000000000040
0x000000005638f3b0:   fffffffffffffffe 000007fefda11622
0x000000005638f3c0:   00000000004cd938 000007feea258673
0x000000005638f3d0:   00000000004cd950 0000000000000000
0x000000005638f3e0:   000007fe00000001 000000005a005a60
0x000000005638f3f0:   fffffffffffffffe 0000000077b680aa
0x000000005638f400:   0000000077c6d670 0000000073b40000
0x000000005638f410:   000007fffffae000 000007fffffd7000
0x000000005638f420:   000000005638f498 000007feea25c127
0x000000005638f430:   000000005a005a00 000000005638f4a8
0x000000005638f440:   0000000055195500 000007feea336ca0
0x000000005638f450:   0000000000000000 000007feea25877e
0x000000005638f460:   0000000000000000 0000000000000001
0x000000005638f470:   0000000000000001 000000005638f498
0x000000005638f480:   0000000077c6d670 0000000073b64752 

Instructions: (pc=0x0000000073b678b0)
0x0000000073b67890:   40 53 48 83 ec 30 48 c7 44 24 20 fe ff ff ff 48
0x0000000073b678a0:   8b 1d 7a 72 01 00 48 85 db 74 16 e8 00 81 ff ff
0x0000000073b678b0:   4c 8b 00 48 8b d3 48 8b c8 41 ff 90 b0 00 00 00
0x0000000073b678c0:   90 48 83 c4 30 5b c3 cc cc cc cc cc cc cc cc cc 


Register to memory mapping:

RAX=0x0000000000000000 is an unknown value
RBX=0x0000000057773300 is a global jni handle
RCX=0x00000000552b0800 is an unknown value
RDX=0x000000006ab3ed78 is an unknown value
RSP=0x000000005638f390 is an unknown value
RBP=0x00000000004cd958 is an unknown value
RSI=0x00000000004cd930 is an unknown value
RDI=0x00008cf1dfe6348d is an unknown value
R8 =0x0000000000010002 is an unknown value
R9 =0x000000000000000d is an unknown value
R10=0x00008cf1dfe6348d is an unknown value
R11=0x0000002100740009 is an unknown value
R12=0x0000000000000000 is an unknown value
R13=0x0000000000000040 is an unknown value
R14=0x000000005638f4a8 is an unknown value
R15=0x00000000004cd930 is an unknown value


Stack: [0x0000000056290000,0x0000000056390000],  sp=0x000000005638f390,  free space=1020k
Native frames: (J=compiled Java code, j=interpreted, Vv=VM code, C=native code)
C  [glass.dll+0x278b0]
C  [ucrtbase.dll+0x8673]
C  [ucrtbase.dll+0xc127]
C  [ucrtbase.dll+0x877e]
C  [glass.dll+0x24752]
C  [glass.dll+0x24850]
C  [ntdll.dll+0x22ac1]
C  [ntdll.dll+0x228d0]
C  [msvcr100.dll+0x20ccd]
V  [jvm.dll+0x213695]
V  [jvm.dll+0x24c9b7]
V  [jvm.dll+0x24bc56]
V  [jvm.dll+0x24c0f1]
V  [jvm.dll+0x24c30e]
V  [jvm.dll+0x29d40a]
C  [msvcr100.dll+0x21d9f]
C  [msvcr100.dll+0x21e3b]
C  [kernel32.dll+0x159cd]
C  [ntdll.dll+0x2a561]

VM_Operation (0x0000000058c5a2c0): Exit, mode: safepoint, requested by thread 0x0000000057b44000


---------------  P R O C E S S  ---------------

Java Threads: ( => current thread )
  0x000000005ab62000 JavaThread "Prism Font Disposer" daemon [_thread_blocked, id=6940, stack(0x0000000060f70000,0x0000000061070000)]
  0x000000005ab60800 JavaThread "C3P0PooledConnectionPoolManager[identityToken->1hge0yta0bdpo6oj2oscw|4fad94a7]-HelperThread-#2" daemon [_thread_blocked, id=3204, stack(0x000000005c620000,0x000000005c720000)]
  0x000000005b023000 JavaThread "C3P0PooledConnectionPoolManager[identityToken->1hge0yta0bdpo6oj2oscw|4fad94a7]-HelperThread-#1" daemon [_thread_blocked, id=3428, stack(0x0000000059ed0000,0x0000000059fd0000)]
  0x000000005b022000 JavaThread "C3P0PooledConnectionPoolManager[identityToken->1hge0yta0bdpo6oj2oscw|4fad94a7]-HelperThread-#0" daemon [_thread_blocked, id=6572, stack(0x000000005b9a0000,0x000000005baa0000)]
  0x000000005b014800 JavaThread "C3P0PooledConnectionPoolManager[identityToken->1hge0yta0bdpo6oj2oscw|4fad94a7]-AdminTaskTimer" daemon [_thread_blocked, id=7080, stack(0x000000005c420000,0x000000005c520000)]
  0x0000000057e8f000 JavaThread "Abandoned connection cleanup thread" daemon [_thread_blocked, id=6080, stack(0x000000005bab0000,0x000000005bbb0000)]
  0x0000000057d7b000 JavaThread "Thread-3" daemon [_thread_in_native, id=5780, stack(0x000000005a4a0000,0x000000005a5a0000)]
  0x0000000057b44000 JavaThread "JavaFX Application Thread" [_thread_blocked, id=6596, stack(0x0000000058b60000,0x0000000058c60000)]
  0x0000000057b3c800 JavaThread "Thread-2" daemon [_thread_blocked, id=6788, stack(0x00000000588e0000,0x00000000589e0000)]
  0x0000000057c45000 JavaThread "QuantumRenderer-0" daemon [_thread_blocked, id=5708, stack(0x00000000582d0000,0x00000000583d0000)]
  0x000000005694a800 JavaThread "Service Thread" daemon [_thread_blocked, id=6344, stack(0x0000000057110000,0x0000000057210000)]
  0x000000005691e000 JavaThread "C1 CompilerThread2" daemon [_thread_blocked, id=1728, stack(0x00000000573d0000,0x00000000574d0000)]
  0x00000000568b3800 JavaThread "C2 CompilerThread1" daemon [_thread_blocked, id=6272, stack(0x0000000057220000,0x0000000057320000)]
  0x00000000568b2000 JavaThread "C2 CompilerThread0" daemon [_thread_blocked, id=2892, stack(0x0000000056f70000,0x0000000057070000)]
  0x00000000568af800 JavaThread "Monitor Ctrl-Break" daemon [_thread_in_native, id=5560, stack(0x0000000056d70000,0x0000000056e70000)]
  0x00000000565cb800 JavaThread "Attach Listener" daemon [_thread_blocked, id=4212, stack(0x0000000056c60000,0x0000000056d60000)]
  0x0000000055318000 JavaThread "Signal Dispatcher" daemon [_thread_blocked, id=5464, stack(0x0000000056ab0000,0x0000000056bb0000)]
  0x00000000552ff000 JavaThread "Finalizer" daemon [_thread_blocked, id=6944, stack(0x00000000563f0000,0x00000000564f0000)]
  0x00000000552b8000 JavaThread "Reference Handler" daemon [_thread_blocked, id=1444, stack(0x0000000056190000,0x0000000056290000)]
  0x00000000020ed000 JavaThread "main" [_thread_blocked, id=1784, stack(0x0000000002320000,0x0000000002420000)]

Other Threads:
=>0x00000000552b0800 VMThread [stack: 0x0000000056290000,0x0000000056390000] [id=3344]

VM state:at safepoint (shutting down)

VM Mutex/Monitor currently owned by a thread:  ([mutex/lock_event])
[0x0000000001fdb720] Threads_lock - owner thread: 0x00000000552b0800

Heap:
 PSYoungGen      total 136704K, used 92779K [0x00000000eac00000, 0x00000000f6a00000, 0x0000000100000000)
  eden space 128512K, 72% used [0x00000000eac00000,0x00000000f069ae10,0x00000000f2980000)
  from space 8192K, 0% used [0x00000000f2980000,0x00000000f2980000,0x00000000f3180000)
  to   space 9728K, 0% used [0x00000000f6080000,0x00000000f6080000,0x00000000f6a00000)
 ParOldGen       total 45568K, used 16455K [0x00000000c0400000, 0x00000000c3080000, 0x00000000eac00000)
  object space 45568K, 36% used [0x00000000c0400000,0x00000000c1411e48,0x00000000c3080000)
 Metaspace       used 49847K, capacity 51320K, committed 51496K, reserved 1093632K
  class space    used 7027K, capacity 7350K, committed 7472K, reserved 1048576K

Card table byte_map: [0x0000000011c70000,0x0000000011e70000] byte_map_base: 0x000000001166e000

Marking Bits: (ParMarkBitMap*) 0x000000006ad308c0
 Begin Bits: [0x0000000012740000, 0x0000000013730000)
 End Bits:   [0x0000000013730000, 0x0000000014720000)

Polling page: 0x0000000000330000

CodeCache: size=245760Kb used=13530Kb max_used=13530Kb free=232229Kb
 bounds [0x00000000028b0000, 0x00000000035f0000, 0x00000000118b0000]
 total_blobs=5408 nmethods=4515 adapters=805
 compilation: enabled

Compilation events (10 events):
Event: 11.166 Thread 0x000000005691e000 4511       3       java.util.concurrent.ConcurrentHashMap$ValueIterator::next (34 bytes)
Event: 11.166 Thread 0x000000005691e000 nmethod 4511 0x00000000035ea150 code [0x00000000035ea2e0, 0x00000000035ea5f8]
Event: 11.167 Thread 0x000000005691e000 4512       3       org.apache.logging.log4j.status.StatusLogger::isDebugPropertyEnabled (11 bytes)
Event: 11.167 Thread 0x000000005691e000 nmethod 4512 0x00000000035ea750 code [0x00000000035ea8c0, 0x00000000035eab48]
Event: 11.167 Thread 0x000000005691e000 4513       3       org.apache.logging.log4j.status.StatusLogger::isEnabled (48 bytes)
Event: 11.168 Thread 0x000000005691e000 nmethod 4513 0x00000000035eac10 code [0x00000000035eadc0, 0x00000000035eb618]
Event: 11.168 Thread 0x000000005691e000 4514       3       org.apache.logging.log4j.util.PropertySource$Util::tokenize (79 bytes)
Event: 11.169 Thread 0x000000005691e000 nmethod 4514 0x00000000035eb8d0 code [0x00000000035ebb60, 0x00000000035ecc38]
Event: 11.170 Thread 0x000000005691e000 4515       3       java.util.logging.LogManager$LoggerContext::ensureDefaultLogger (70 bytes)
Event: 11.171 Thread 0x000000005691e000 nmethod 4515 0x00000000035ed3d0 code [0x00000000035ed580, 0x00000000035edde8]

GC Heap History (10 events):
Event: 2.107 GC heap before
{Heap before GC invocations=7 (full 0):
 PSYoungGen      total 73216K, used 10416K [0x00000000eac00000, 0x00000000efb00000, 0x0000000100000000)
  eden space 65536K, 10% used [0x00000000eac00000,0x00000000eb2df740,0x00000000eec00000)
  from space 7680K, 43% used [0x00000000ef380000,0x00000000ef6cca18,0x00000000efb00000)
  to   space 7680K, 0% used [0x00000000eec00000,0x00000000eec00000,0x00000000ef380000)
 ParOldGen       total 44032K, used 9450K [0x00000000c0400000, 0x00000000c2f00000, 0x00000000eac00000)
  object space 44032K, 21% used [0x00000000c0400000,0x00000000c0d3a8c8,0x00000000c2f00000)
 Metaspace       used 20849K, capacity 21150K, committed 21296K, reserved 1069056K
  class space    used 2484K, capacity 2596K, committed 2608K, reserved 1048576K
Event: 2.112 GC heap after
Heap after GC invocations=7 (full 0):
 PSYoungGen      total 73216K, used 2432K [0x00000000eac00000, 0x00000000f3b00000, 0x0000000100000000)
  eden space 65536K, 0% used [0x00000000eac00000,0x00000000eac00000,0x00000000eec00000)
  from space 7680K, 31% used [0x00000000eec00000,0x00000000eee601c8,0x00000000ef380000)
  to   space 7680K, 0% used [0x00000000f3380000,0x00000000f3380000,0x00000000f3b00000)
 ParOldGen       total 44032K, used 9986K [0x00000000c0400000, 0x00000000c2f00000, 0x00000000eac00000)
  object space 44032K, 22% used [0x00000000c0400000,0x00000000c0dc0a80,0x00000000c2f00000)
 Metaspace       used 20849K, capacity 21150K, committed 21296K, reserved 1069056K
  class space    used 2484K, capacity 2596K, committed 2608K, reserved 1048576K
}
Event: 2.112 GC heap before
{Heap before GC invocations=8 (full 1):
 PSYoungGen      total 73216K, used 2432K [0x00000000eac00000, 0x00000000f3b00000, 0x0000000100000000)
  eden space 65536K, 0% used [0x00000000eac00000,0x00000000eac00000,0x00000000eec00000)
  from space 7680K, 31% used [0x00000000eec00000,0x00000000eee601c8,0x00000000ef380000)
  to   space 7680K, 0% used [0x00000000f3380000,0x00000000f3380000,0x00000000f3b00000)
 ParOldGen       total 44032K, used 9986K [0x00000000c0400000, 0x00000000c2f00000, 0x00000000eac00000)
  object space 44032K, 22% used [0x00000000c0400000,0x00000000c0dc0a80,0x00000000c2f00000)
 Metaspace       used 20849K, capacity 21150K, committed 21296K, reserved 1069056K
  class space    used 2484K, capacity 2596K, committed 2608K, reserved 1048576K
Event: 2.162 GC heap after
Heap after GC invocations=8 (full 1):
 PSYoungGen      total 73216K, used 0K [0x00000000eac00000, 0x00000000f3b00000, 0x0000000100000000)
  eden space 65536K, 0% used [0x00000000eac00000,0x00000000eac00000,0x00000000eec00000)
  from space 7680K, 0% used [0x00000000eec00000,0x00000000eec00000,0x00000000ef380000)
  to   space 7680K, 0% used [0x00000000f3380000,0x00000000f3380000,0x00000000f3b00000)
 ParOldGen       total 34304K, used 10850K [0x00000000c0400000, 0x00000000c2580000, 0x00000000eac00000)
  object space 34304K, 31% used [0x00000000c0400000,0x00000000c0e98880,0x00000000c2580000)
 Metaspace       used 20849K, capacity 21150K, committed 21296K, reserved 1069056K
  class space    used 2484K, capacity 2596K, committed 2608K, reserved 1048576K
}
Event: 2.675 GC heap before
{Heap before GC invocations=9 (full 1):
 PSYoungGen      total 73216K, used 65536K [0x00000000eac00000, 0x00000000f3b00000, 0x0000000100000000)
  eden space 65536K, 100% used [0x00000000eac00000,0x00000000eec00000,0x00000000eec00000)
  from space 7680K, 0% used [0x00000000eec00000,0x00000000eec00000,0x00000000ef380000)
  to   space 7680K, 0% used [0x00000000f3380000,0x00000000f3380000,0x00000000f3b00000)
 ParOldGen       total 34304K, used 10850K [0x00000000c0400000, 0x00000000c2580000, 0x00000000eac00000)
  object space 34304K, 31% used [0x00000000c0400000,0x00000000c0e98880,0x00000000c2580000)
 Metaspace       used 26943K, capacity 27378K, committed 27696K, reserved 1073152K
  class space    used 3443K, capacity 3554K, committed 3632K, reserved 1048576K
Event: 2.683 GC heap after
Heap after GC invocations=9 (full 1):
 PSYoungGen      total 125440K, used 5841K [0x00000000eac00000, 0x00000000f3980000, 0x0000000100000000)
  eden space 119296K, 0% used [0x00000000eac00000,0x00000000eac00000,0x00000000f2080000)
  from space 6144K, 95% used [0x00000000f3380000,0x00000000f3934698,0x00000000f3980000)
  to   space 8192K, 0% used [0x00000000f2980000,0x00000000f2980000,0x00000000f3180000)
 ParOldGen       total 34304K, used 10858K [0x00000000c0400000, 0x00000000c2580000, 0x00000000eac00000)
  object space 34304K, 31% used [0x00000000c0400000,0x00000000c0e9a880,0x00000000c2580000)
 Metaspace       used 26943K, capacity 27378K, committed 27696K, reserved 1073152K
  class space    used 3443K, capacity 3554K, committed 3632K, reserved 1048576K
}
Event: 3.639 GC heap before
{Heap before GC invocations=10 (full 1):
 PSYoungGen      total 125440K, used 98700K [0x00000000eac00000, 0x00000000f3980000, 0x0000000100000000)
  eden space 119296K, 77% used [0x00000000eac00000,0x00000000f06aea08,0x00000000f2080000)
  from space 6144K, 95% used [0x00000000f3380000,0x00000000f3934698,0x00000000f3980000)
  to   space 8192K, 0% used [0x00000000f2980000,0x00000000f2980000,0x00000000f3180000)
 ParOldGen       total 34304K, used 10858K [0x00000000c0400000, 0x00000000c2580000, 0x00000000eac00000)
  object space 34304K, 31% used [0x00000000c0400000,0x00000000c0e9a880,0x00000000c2580000)
 Metaspace       used 34738K, capacity 35152K, committed 35496K, reserved 1079296K
  class space    used 4614K, capacity 4735K, committed 4784K, reserved 1048576K
Event: 3.655 GC heap after
Heap after GC invocations=10 (full 1):
 PSYoungGen      total 136704K, used 8187K [0x00000000eac00000, 0x00000000f6a00000, 0x0000000100000000)
  eden space 128512K, 0% used [0x00000000eac00000,0x00000000eac00000,0x00000000f2980000)
  from space 8192K, 99% used [0x00000000f2980000,0x00000000f317ef60,0x00000000f3180000)
  to   space 9728K, 0% used [0x00000000f6080000,0x00000000f6080000,0x00000000f6a00000)
 ParOldGen       total 34304K, used 12218K [0x00000000c0400000, 0x00000000c2580000, 0x00000000eac00000)
  object space 34304K, 35% used [0x00000000c0400000,0x00000000c0fee8d0,0x00000000c2580000)
 Metaspace       used 34738K, capacity 35152K, committed 35496K, reserved 1079296K
  class space    used 4614K, capacity 4735K, committed 4784K, reserved 1048576K
}
Event: 3.656 GC heap before
{Heap before GC invocations=11 (full 2):
 PSYoungGen      total 136704K, used 8187K [0x00000000eac00000, 0x00000000f6a00000, 0x0000000100000000)
  eden space 128512K, 0% used [0x00000000eac00000,0x00000000eac00000,0x00000000f2980000)
  from space 8192K, 99% used [0x00000000f2980000,0x00000000f317ef60,0x00000000f3180000)
  to   space 9728K, 0% used [0x00000000f6080000,0x00000000f6080000,0x00000000f6a00000)
 ParOldGen       total 34304K, used 12218K [0x00000000c0400000, 0x00000000c2580000, 0x00000000eac00000)
  object space 34304K, 35% used [0x00000000c0400000,0x00000000c0fee8d0,0x00000000c2580000)
 Metaspace       used 34738K, capacity 35152K, committed 35496K, reserved 1079296K
  class space    used 4614K, capacity 4735K, committed 4784K, reserved 1048576K
Event: 3.715 GC heap after
Heap after GC invocations=11 (full 2):
 PSYoungGen      total 136704K, used 0K [0x00000000eac00000, 0x00000000f6a00000, 0x0000000100000000)
  eden space 128512K, 0% used [0x00000000eac00000,0x00000000eac00000,0x00000000f2980000)
  from space 8192K, 0% used [0x00000000f2980000,0x00000000f2980000,0x00000000f3180000)
  to   space 9728K, 0% used [0x00000000f6080000,0x00000000f6080000,0x00000000f6a00000)
 ParOldGen       total 45568K, used 16455K [0x00000000c0400000, 0x00000000c3080000, 0x00000000eac00000)
  object space 45568K, 36% used [0x00000000c0400000,0x00000000c1411e48,0x00000000c3080000)
 Metaspace       used 34738K, capacity 35152K, committed 35496K, reserved 1079296K
  class space    used 4614K, capacity 4735K, committed 4784K, reserved 1048576K
}

Deoptimization events (10 events):
Event: 8.967 Thread 0x0000000057b44000 Uncommon trap: reason=unstable_if action=reinterpret pc=0x0000000003513330 method=java.lang.StrictMath.floorOrCeil(DDDD)D @ 24
Event: 9.004 Thread 0x0000000057b44000 Uncommon trap: reason=array_check action=maybe_recompile pc=0x000000000348294c method=com.sun.javafx.css.SimpleSelector.applies(Ljavafx/css/Styleable;[Ljava/util/Set;I)Z @ 37
Event: 9.004 Thread 0x0000000057b44000 Uncommon trap: reason=array_check action=maybe_recompile pc=0x000000000348294c method=com.sun.javafx.css.SimpleSelector.applies(Ljavafx/css/Styleable;[Ljava/util/Set;I)Z @ 37
Event: 9.004 Thread 0x0000000057b44000 Uncommon trap: reason=array_check action=maybe_recompile pc=0x000000000348294c method=com.sun.javafx.css.SimpleSelector.applies(Ljavafx/css/Styleable;[Ljava/util/Set;I)Z @ 37
Event: 9.004 Thread 0x0000000057b44000 Uncommon trap: reason=array_check action=maybe_recompile pc=0x000000000348294c method=com.sun.javafx.css.SimpleSelector.applies(Ljavafx/css/Styleable;[Ljava/util/Set;I)Z @ 37
Event: 9.017 Thread 0x0000000057b44000 Uncommon trap: reason=unstable_if action=reinterpret pc=0x00000000032716c4 method=sun.net.www.protocol.jar.Handler.parseContextSpec(Ljava/net/URL;Ljava/lang/String;)Ljava/lang/String; @ 72
Event: 9.017 Thread 0x0000000057b44000 Uncommon trap: reason=class_check action=maybe_recompile pc=0x00000000032f5ddc method=java.io.FilterInputStream.read()I @ 4
Event: 9.017 Thread 0x0000000057b44000 Uncommon trap: reason=class_check action=maybe_recompile pc=0x00000000032f5ddc method=java.io.FilterInputStream.read()I @ 4
Event: 9.017 Thread 0x0000000057b44000 Uncommon trap: reason=class_check action=maybe_recompile pc=0x00000000032f5ddc method=java.io.FilterInputStream.read()I @ 4
Event: 9.017 Thread 0x0000000057b44000 Uncommon trap: reason=class_check action=maybe_recompile pc=0x00000000032f5ddc method=java.io.FilterInputStream.read()I @ 4

Classes redefined (0 events):
No events

Internal exceptions (10 events):
Event: 2.669 Thread 0x00000000020ed000 Exception <a 'java/lang/ClassNotFoundException': com/mchange/v2/c3p0/WrapperConnectionPoolDataSourceCustomizer> (0x00000000eeb38290) thrown at [C:\re\workspace\8-2-build-windows-amd64-cygwin\jdk8u171\10807\hotspot\src\share\vm\classfile\systemDictionary.c
Event: 2.670 Thread 0x00000000020ed000 Exception <a 'java/lang/ClassNotFoundException': com/mchange/v2/c3p0/DriverManagerDataSourceBeanInfo> (0x00000000eeb5c0d0) thrown at [C:\re\workspace\8-2-build-windows-amd64-cygwin\jdk8u171\10807\hotspot\src\share\vm\classfile\systemDictionary.cpp, line 2
Event: 2.670 Thread 0x00000000020ed000 Exception <a 'java/lang/ClassNotFoundException': com/mchange/v2/c3p0/impl/DriverManagerDataSourceBaseBeanInfo> (0x00000000eeb6fba0) thrown at [C:\re\workspace\8-2-build-windows-amd64-cygwin\jdk8u171\10807\hotspot\src\share\vm\classfile\systemDictionary.cp
Event: 2.671 Thread 0x00000000020ed000 Exception <a 'java/lang/ClassNotFoundException': com/mchange/v2/c3p0/impl/DriverManagerDataSourceBaseCustomizer> (0x00000000eeb83b38) thrown at [C:\re\workspace\8-2-build-windows-amd64-cygwin\jdk8u171\10807\hotspot\src\share\vm\classfile\systemDictionary.
Event: 2.672 Thread 0x00000000020ed000 Exception <a 'java/lang/ClassNotFoundException': com/mchange/v2/c3p0/DriverManagerDataSourceCustomizer> (0x00000000eebb0ce0) thrown at [C:\re\workspace\8-2-build-windows-amd64-cygwin\jdk8u171\10807\hotspot\src\share\vm\classfile\systemDictionary.cpp, line
Event: 4.326 Thread 0x0000000057b44000 Exception <a 'java/lang/NullPointerException'> (0x00000000edff28b0) thrown at [C:\re\workspace\8-2-build-windows-amd64-cygwin\jdk8u171\10807\hotspot\src\share\vm\interpreter\linkResolver.cpp, line 1185]
Event: 4.326 Thread 0x0000000057b44000 Exception <a 'java/lang/NullPointerException'> (0x00000000edff28b0) thrown at [C:\re\workspace\8-2-build-windows-amd64-cygwin\jdk8u171\10807\hotspot\src\share\vm\prims\jvm.cpp, line 1439]
Event: 4.518 Thread 0x0000000057b44000 Exception <a 'java/lang/NoSuchMethodError': java.lang.Object.lambda$observeInvalidations$2(Ljavafx/beans/value/ObservableValue;Ljavafx/beans/InvalidationListener;)V> (0x00000000eeae87e8) thrown at [C:\re\workspace\8-2-build-windows-amd64-cygwin\jdk8u171\1
Event: 4.519 Thread 0x0000000057b44000 Exception <a 'java/lang/NoSuchMethodError': java.lang.Object.lambda$static$0()V> (0x00000000eeafcac8) thrown at [C:\re\workspace\8-2-build-windows-amd64-cygwin\jdk8u171\10807\hotspot\src\share\vm\interpreter\linkResolver.cpp, line 620]
Event: 8.370 Thread 0x0000000057b44000 Implicit null exception at 0x0000000003410393 to 0x0000000003410981

Events (10 events):
Event: 11.153 loading class com/sun/javafx/tk/quantum/QuantumRenderer done
Event: 11.154 loading class com/sun/javafx/tk/quantum/QuantumToolkit
Event: 11.154 loading class com/sun/javafx/tk/quantum/QuantumToolkit done
Event: 11.154 loading class java/util/IdentityHashMap$KeyIterator
Event: 11.154 loading class java/util/IdentityHashMap$KeyIterator done
Event: 11.156 Thread 0x000000005ab63800 Thread added: 0x000000005ab63800
Event: 11.156 Thread 0x000000005ab64800 Thread added: 0x000000005ab64800
Event: 11.169 Thread 0x000000005ab63800 Thread exited: 0x000000005ab63800
Event: 11.171 Thread 0x000000005ab64800 Thread exited: 0x000000005ab64800
Event: 11.171 Executing VM operation: Exit


Dynamic libraries:
0x000000013f050000 - 0x000000013f087000 	C:\Program Files\Java\jdk1.8.0_171\bin\java.exe
0x0000000077b40000 - 0x0000000077cea000 	C:\Windows\SYSTEM32\ntdll.dll
0x0000000077920000 - 0x0000000077a3f000 	C:\Windows\system32\kernel32.dll
0x000007fefd870000 - 0x000007fefd8da000 	C:\Windows\system32\KERNELBASE.dll
0x000007fefe120000 - 0x000007fefe1fb000 	C:\Windows\system32\ADVAPI32.dll
0x000007fefe530000 - 0x000007fefe5cf000 	C:\Windows\system32\msvcrt.dll
0x000007fefdbf0000 - 0x000007fefdc0f000 	C:\Windows\SYSTEM32\sechost.dll
0x000007fefdf50000 - 0x000007fefe07d000 	C:\Windows\system32\RPCRT4.dll
0x0000000077a40000 - 0x0000000077b3a000 	C:\Windows\system32\USER32.dll
0x000007fefe5d0000 - 0x000007fefe637000 	C:\Windows\system32\GDI32.dll
0x000007fefe390000 - 0x000007fefe39e000 	C:\Windows\system32\LPK.dll
0x000007fefdc20000 - 0x000007fefdceb000 	C:\Windows\system32\USP10.dll
0x000007fefbf70000 - 0x000007fefc164000 	C:\Windows\WinSxS\amd64_microsoft.windows.common-controls_6595b64144ccf1df_6.0.7601.18837_none_fa3b1e3d17594757\COMCTL32.dll
0x000007fefdcf0000 - 0x000007fefdd61000 	C:\Windows\system32\SHLWAPI.dll
0x000007fefe640000 - 0x000007fefe66e000 	C:\Windows\system32\IMM32.DLL
0x000007fefe670000 - 0x000007fefe779000 	C:\Windows\system32\MSCTF.dll
0x0000000073bc0000 - 0x0000000073c92000 	C:\Program Files\Java\jdk1.8.0_171\jre\bin\msvcr100.dll
0x000000006a510000 - 0x000000006adb0000 	C:\Program Files\Java\jdk1.8.0_171\jre\bin\server\jvm.dll
0x000007fef89c0000 - 0x000007fef89c9000 	C:\Windows\system32\WSOCK32.dll
0x000007fefe4e0000 - 0x000007fefe52d000 	C:\Windows\system32\WS2_32.dll
0x000007fefdc10000 - 0x000007fefdc18000 	C:\Windows\system32\NSI.dll
0x000007fefb120000 - 0x000007fefb15b000 	C:\Windows\system32\WINMM.dll
0x000007fefc7b0000 - 0x000007fefc7bc000 	C:\Windows\system32\VERSION.dll
0x0000000077d00000 - 0x0000000077d07000 	C:\Windows\system32\PSAPI.DLL
0x0000000073f70000 - 0x0000000073f7f000 	C:\Program Files\Java\jdk1.8.0_171\jre\bin\verify.dll
0x0000000073f40000 - 0x0000000073f69000 	C:\Program Files\Java\jdk1.8.0_171\jre\bin\java.dll
0x0000000073eb0000 - 0x0000000073ed3000 	C:\Program Files\Java\jdk1.8.0_171\jre\bin\instrument.dll
0x0000000073f20000 - 0x0000000073f36000 	C:\Program Files\Java\jdk1.8.0_171\jre\bin\zip.dll
0x000007fefe9e0000 - 0x000007feff76a000 	C:\Windows\system32\SHELL32.dll
0x000007fefe7e0000 - 0x000007fefe9dc000 	C:\Windows\system32\ole32.dll
0x000007fefd840000 - 0x000007fefd84f000 	C:\Windows\system32\profapi.dll
0x000007feebb10000 - 0x000007feebb2a000 	C:\Program Files\JetBrains\IntelliJ IDEA Community Edition 2018.3.2\bin\breakgen64.dll
0x0000000073ee0000 - 0x0000000073efa000 	C:\Program Files\Java\jdk1.8.0_171\jre\bin\net.dll
0x000007fefcfc0000 - 0x000007fefd015000 	C:\Windows\system32\mswsock.dll
0x000007fefcfb0000 - 0x000007fefcfb7000 	C:\Windows\System32\wship6.dll
0x00000000741f0000 - 0x00000000741fd000 	C:\Program Files\Java\jdk1.8.0_171\jre\bin\management.dll
0x000007fefad40000 - 0x000007fefad55000 	C:\Windows\system32\NLAapi.dll
0x000007feef880000 - 0x000007feef895000 	C:\Windows\system32\napinsp.dll
0x000007feef860000 - 0x000007feef879000 	C:\Windows\system32\pnrpnsp.dll
0x000007fefce40000 - 0x000007fefce9b000 	C:\Windows\system32\DNSAPI.dll
0x000007feef850000 - 0x000007feef85b000 	C:\Windows\System32\winrnr.dll
0x000007fefc6f0000 - 0x000007fefc6f7000 	C:\Windows\System32\wshtcpip.dll
0x000007fefabe0000 - 0x000007fefac07000 	C:\Windows\system32\IPHLPAPI.DLL
0x000007fefabc0000 - 0x000007fefabcb000 	C:\Windows\system32\WINNSI.DLL
0x000007fef7980000 - 0x000007fef7988000 	C:\Windows\system32\rasadhlp.dll
0x000007fefaa20000 - 0x000007fefaa73000 	C:\Windows\System32\fwpuclnt.dll
0x0000000073f00000 - 0x0000000073f11000 	C:\Program Files\Java\jdk1.8.0_171\jre\bin\nio.dll
0x000007feef650000 - 0x000007feef653000 	C:\Program Files\Java\jdk1.8.0_171\jre\bin\api-ms-win-core-console-l1-1-0.dll
0x000007feefb60000 - 0x000007feefb63000 	C:\Program Files\Java\jdk1.8.0_171\jre\bin\api-ms-win-core-datetime-l1-1-0.dll
0x000007feeb7a0000 - 0x000007feeb7a3000 	C:\Program Files\Java\jdk1.8.0_171\jre\bin\api-ms-win-core-debug-l1-1-0.dll
0x000007feeb790000 - 0x000007feeb793000 	C:\Program Files\Java\jdk1.8.0_171\jre\bin\api-ms-win-core-errorhandling-l1-1-0.dll
0x000007feeb410000 - 0x000007feeb414000 	C:\Program Files\Java\jdk1.8.0_171\jre\bin\api-ms-win-core-file-l1-1-0.dll
0x000007feeb420000 - 0x000007feeb423000 	C:\Program Files\Java\jdk1.8.0_171\jre\bin\api-ms-win-core-file-l1-2-0.dll
0x000007feeb3f0000 - 0x000007feeb3f3000 	C:\Program Files\Java\jdk1.8.0_171\jre\bin\api-ms-win-core-file-l2-1-0.dll
0x000007feeb400000 - 0x000007feeb403000 	C:\Program Files\Java\jdk1.8.0_171\jre\bin\api-ms-win-core-handle-l1-1-0.dll
0x000007feeb3d0000 - 0x000007feeb3d3000 	C:\Program Files\Java\jdk1.8.0_171\jre\bin\api-ms-win-core-heap-l1-1-0.dll
0x000007feeb3e0000 - 0x000007feeb3e3000 	C:\Program Files\Java\jdk1.8.0_171\jre\bin\api-ms-win-core-interlocked-l1-1-0.dll
0x000007feeb3b0000 - 0x000007feeb3b3000 	C:\Program Files\Java\jdk1.8.0_171\jre\bin\api-ms-win-core-libraryloader-l1-1-0.dll
0x000007feeb3c0000 - 0x000007feeb3c3000 	C:\Program Files\Java\jdk1.8.0_171\jre\bin\api-ms-win-core-localization-l1-2-0.dll
0x000007feeb390000 - 0x000007feeb393000 	C:\Program Files\Java\jdk1.8.0_171\jre\bin\api-ms-win-core-memory-l1-1-0.dll
0x000007feeb3a0000 - 0x000007feeb3a3000 	C:\Program Files\Java\jdk1.8.0_171\jre\bin\api-ms-win-core-namedpipe-l1-1-0.dll
0x000007feeafd0000 - 0x000007feeafd3000 	C:\Program Files\Java\jdk1.8.0_171\jre\bin\api-ms-win-core-processenvironment-l1-1-0.dll
0x000007feeafe0000 - 0x000007feeafe3000 	C:\Program Files\Java\jdk1.8.0_171\jre\bin\api-ms-win-core-processthreads-l1-1-0.dll
0x000007feeaee0000 - 0x000007feeaee3000 	C:\Program Files\Java\jdk1.8.0_171\jre\bin\api-ms-win-core-processthreads-l1-1-1.dll
0x000007feeafc0000 - 0x000007feeafc3000 	C:\Program Files\Java\jdk1.8.0_171\jre\bin\api-ms-win-core-profile-l1-1-0.dll
0x000007feeaec0000 - 0x000007feeaec3000 	C:\Program Files\Java\jdk1.8.0_171\jre\bin\api-ms-win-core-rtlsupport-l1-1-0.dll
0x000007feeaed0000 - 0x000007feeaed3000 	C:\Program Files\Java\jdk1.8.0_171\jre\bin\api-ms-win-core-string-l1-1-0.dll
0x000007feeaea0000 - 0x000007feeaea3000 	C:\Program Files\Java\jdk1.8.0_171\jre\bin\api-ms-win-core-synch-l1-1-0.dll
0x000007feeaeb0000 - 0x000007feeaeb3000 	C:\Program Files\Java\jdk1.8.0_171\jre\bin\api-ms-win-core-synch-l1-2-0.dll
0x000007feeae80000 - 0x000007feeae83000 	C:\Program Files\Java\jdk1.8.0_171\jre\bin\api-ms-win-core-sysinfo-l1-1-0.dll
0x000007feeae90000 - 0x000007feeae93000 	C:\Program Files\Java\jdk1.8.0_171\jre\bin\api-ms-win-core-timezone-l1-1-0.dll
0x000007feeae60000 - 0x000007feeae63000 	C:\Program Files\Java\jdk1.8.0_171\jre\bin\api-ms-win-core-util-l1-1-0.dll
0x000007feeae70000 - 0x000007feeae73000 	C:\Program Files\Java\jdk1.8.0_171\jre\bin\api-ms-win-crt-conio-l1-1-0.dll
0x000007feeae40000 - 0x000007feeae44000 	C:\Program Files\Java\jdk1.8.0_171\jre\bin\api-ms-win-crt-convert-l1-1-0.dll
0x000007feeae50000 - 0x000007feeae53000 	C:\Program Files\Java\jdk1.8.0_171\jre\bin\api-ms-win-crt-environment-l1-1-0.dll
0x000007feeae20000 - 0x000007feeae23000 	C:\Program Files\Java\jdk1.8.0_171\jre\bin\api-ms-win-crt-filesystem-l1-1-0.dll
0x000007feeae30000 - 0x000007feeae33000 	C:\Program Files\Java\jdk1.8.0_171\jre\bin\api-ms-win-crt-heap-l1-1-0.dll
0x000007feeae00000 - 0x000007feeae03000 	C:\Program Files\Java\jdk1.8.0_171\jre\bin\api-ms-win-crt-locale-l1-1-0.dll
0x000007feeae10000 - 0x000007feeae15000 	C:\Program Files\Java\jdk1.8.0_171\jre\bin\api-ms-win-crt-math-l1-1-0.dll
0x000007feeade0000 - 0x000007feeade5000 	C:\Program Files\Java\jdk1.8.0_171\jre\bin\api-ms-win-crt-multibyte-l1-1-0.dll
0x000007feeadf0000 - 0x000007feeae00000 	C:\Program Files\Java\jdk1.8.0_171\jre\bin\api-ms-win-crt-private-l1-1-0.dll
0x000007feeadc0000 - 0x000007feeadc3000 	C:\Program Files\Java\jdk1.8.0_171\jre\bin\api-ms-win-crt-process-l1-1-0.dll
0x000007feeadd0000 - 0x000007feeadd4000 	C:\Program Files\Java\jdk1.8.0_171\jre\bin\api-ms-win-crt-runtime-l1-1-0.dll
0x000007feead80000 - 0x000007feead84000 	C:\Program Files\Java\jdk1.8.0_171\jre\bin\api-ms-win-crt-stdio-l1-1-0.dll
0x000007feead90000 - 0x000007feead94000 	C:\Program Files\Java\jdk1.8.0_171\jre\bin\api-ms-win-crt-string-l1-1-0.dll
0x000007feead60000 - 0x000007feead63000 	C:\Program Files\Java\jdk1.8.0_171\jre\bin\api-ms-win-crt-time-l1-1-0.dll
0x000007feead70000 - 0x000007feead73000 	C:\Program Files\Java\jdk1.8.0_171\jre\bin\api-ms-win-crt-utility-l1-1-0.dll
0x000007feea250000 - 0x000007feea346000 	C:\Program Files\Java\jdk1.8.0_171\jre\bin\ucrtbase.dll
0x000007feead00000 - 0x000007feead51000 	C:\Program Files\Java\jdk1.8.0_171\jre\bin\concrt140.dll
0x000007fee1890000 - 0x000007fee192d000 	C:\Windows\system32\MSVCP140.dll
0x000007feeb8c0000 - 0x000007feeb8d7000 	C:\Windows\system32\VCRUNTIME140.dll
0x000007feeace0000 - 0x000007feeacf6000 	C:\Program Files\Java\jdk1.8.0_171\jre\bin\vcruntime140.dll
0x000007feeac40000 - 0x000007feeacdc000 	C:\Program Files\Java\jdk1.8.0_171\jre\bin\msvcp140.dll
0x0000000073b90000 - 0x0000000073bb3000 	C:\Program Files\Java\jdk1.8.0_171\jre\bin\prism_d3d.dll
0x000007fefa030000 - 0x000007fefa22f000 	C:\Windows\system32\d3d9.dll
0x000007fefa020000 - 0x000007fefa027000 	C:\Windows\system32\d3d8thk.dll
0x000007fefbef0000 - 0x000007fefbf08000 	C:\Windows\system32\dwmapi.dll
0x000007fefbad0000 - 0x000007fefbb26000 	C:\Windows\system32\uxtheme.dll
0x0000000073b40000 - 0x0000000073b89000 	C:\Program Files\Java\jdk1.8.0_171\jre\bin\glass.dll
0x000007fefe440000 - 0x000007fefe4d7000 	C:\Windows\system32\COMDLG32.dll
0x000007feffaa0000 - 0x000007feffb7a000 	C:\Windows\system32\OLEAUT32.dll
0x000007fefd6d0000 - 0x000007fefd6df000 	C:\Windows\system32\CRYPTBASE.dll
0x000007fefdd70000 - 0x000007fefdf47000 	C:\Windows\system32\SETUPAPI.dll
0x000007fefda10000 - 0x000007fefda46000 	C:\Windows\system32\CFGMGR32.dll
0x000007fefd9a0000 - 0x000007fefd9ba000 	C:\Windows\system32\DEVOBJ.dll
0x000007fee9fe0000 - 0x000007feea0cc000 	C:\Program Files (x86)\NVIDIA Corporation\3D Vision\nvSCPAPI64.dll
0x000007fee7e90000 - 0x000007fee80e9000 	C:\Windows\system32\nvspcap64.dll
0x000007fefc600000 - 0x000007fefc62d000 	C:\Windows\system32\ntmarta.dll
0x000007fefe780000 - 0x000007fefe7d2000 	C:\Windows\system32\WLDAP32.dll
0x000007fefda50000 - 0x000007fefdbbd000 	C:\Windows\system32\crypt32.dll
0x000007fefd830000 - 0x000007fefd83f000 	C:\Windows\system32\MSASN1.dll
0x000007fefd9c0000 - 0x000007fefd9fb000 	C:\Windows\system32\WINTRUST.DLL
0x000007fefe420000 - 0x000007fefe439000 	C:\Windows\system32\imagehlp.dll
0x000007fefd020000 - 0x000007fefd038000 	C:\Windows\system32\CRYPTSP.dll
0x000007fefcd20000 - 0x000007fefcd67000 	C:\Windows\system32\rsaenh.dll
0x000007fefd1e0000 - 0x000007fefd230000 	C:\Windows\system32\ncrypt.dll
0x000007fefd1b0000 - 0x000007fefd1d2000 	C:\Windows\system32\bcrypt.dll
0x000007fefcc60000 - 0x000007fefccac000 	C:\Windows\system32\bcryptprimitives.dll
0x0000000073b10000 - 0x0000000073b34000 	C:\Program Files\Java\jdk1.8.0_171\jre\bin\sunec.dll
0x000007fefaa80000 - 0x000007fefaa91000 	C:\Windows\system32\dhcpcsvc6.DLL
0x000007fefaa00000 - 0x000007fefaa18000 	C:\Windows\system32\dhcpcsvc.DLL
0x000007fefdbd0000 - 0x000007fefdbee000 	C:\Windows\system32\USERENV.dll
0x0000000073b00000 - 0x0000000073b0b000 	C:\Program Files\Java\jdk1.8.0_171\jre\bin\sunmscapi.dll
0x0000000073ae0000 - 0x0000000073af4000 	C:\Program Files\Java\jdk1.8.0_171\jre\bin\javafx_font.dll
0x000007fee9b90000 - 0x000007fee9d27000 	C:\Windows\system32\dwrite.dll
0x000007fefe080000 - 0x000007fefe119000 	C:\Windows\system32\CLBCatQ.DLL
0x000007fefb570000 - 0x000007fefb6d1000 	C:\Windows\system32\WindowsCodecs.dll
0x000007fefd670000 - 0x000007fefd6c7000 	C:\Windows\system32\apphelp.dll

VM Arguments:
jvm_args: -javaagent:C:\Program Files\JetBrains\IntelliJ IDEA Community Edition 2018.3.2\lib\idea_rt.jar=51442:C:\Program Files\JetBrains\IntelliJ IDEA Community Edition 2018.3.2\bin -Dfile.encoding=UTF-8 
java_command: patron.mains.bootstraps.Bootstrap
java_class_path (initial): C:\Program Files\Java\jdk1.8.0_171\jre\lib\charsets.jar;C:\Program Files\Java\jdk1.8.0_171\jre\lib\deploy.jar;C:\Program Files\Java\jdk1.8.0_171\jre\lib\ext\access-bridge-64.jar;C:\Program Files\Java\jdk1.8.0_171\jre\lib\ext\cldrdata.jar;C:\Program Files\Java\jdk1.8.0_171\jre\lib\ext\dnsns.jar;C:\Program Files\Java\jdk1.8.0_171\jre\lib\ext\jaccess.jar;C:\Program Files\Java\jdk1.8.0_171\jre\lib\ext\jfxrt.jar;C:\Program Files\Java\jdk1.8.0_171\jre\lib\ext\localedata.jar;C:\Program Files\Java\jdk1.8.0_171\jre\lib\ext\nashorn.jar;C:\Program Files\Java\jdk1.8.0_171\jre\lib\ext\sunec.jar;C:\Program Files\Java\jdk1.8.0_171\jre\lib\ext\sunjce_provider.jar;C:\Program Files\Java\jdk1.8.0_171\jre\lib\ext\sunmscapi.jar;C:\Program Files\Java\jdk1.8.0_171\jre\lib\ext\sunpkcs11.jar;C:\Program Files\Java\jdk1.8.0_171\jre\lib\ext\zipfs.jar;C:\Program Files\Java\jdk1.8.0_171\jre\lib\javaws.jar;C:\Program Files\Java\jdk1.8.0_171\jre\lib\jce.jar;C:\Program Files\Java\jdk1.8.0_171\jre\lib\jfr.jar;C:\Program Files\Java\jdk1.8.0_171\jre\lib\jfxswt.jar;C:\Program Files\Java\jdk1.8.0_171\jre\lib\jsse.jar;C:\Program Files\Java\jdk1.8.0_171\jre\lib\management-agent.jar;C:\Program Files\Java\jdk1.8.0_171\jre\lib\plugin.jar;C:\Program Files\Java\jdk1.8.0_171\jre\lib\resources.jar;C:\Program Files\Java\jdk1.8.0_171\jre\lib\rt.jar;D:\patron\out\production\classes;D:\patron\out\production\resources;D:\patron\gradle\libs\ftp4j-1.7.2.jar;C:\Users\Imp\.gradle\caches\modules-2\files-2.1\com.itextpdf\itextpdf\5.5.13\c58c5abc3dcedd5c836b4be8cb210ce63459ee4f\itextpdf-5.5.13.jar;C:\Users\Imp\.gradle\caches\modules-2\files-2.1\org.jsoup\jsoup\1.11.3\36da09a8f68484523fa2aaa100399d612b247d67\jsoup-1.11.3.jar;C:\Users\Imp\.gradle\caches\modules-2\files-2.1\org.glassfish.jaxb\jaxb-core\2.3.0.1\33277bae433ecd0fdebd53812eb084da443575b6\jaxb-core-2.3.0.1.jar;C:\Users\Imp\.gradle\caches\modules-2\files-2.1\com.sun.xml.bind\jaxb-impl\2.4.0-b180725.0644\cf6085fd66b6302c769e03b52e25410200
Launcher Type: SUN_STANDARD

Environment Variables:
PATH=C:\Program Files (x86)\Common Files\Oracle\Java\javapath;C:\Windows\system32;C:\Windows;C:\Windows\System32\Wbem;C:\Windows\System32\WindowsPowerShell\v1.0\;C:\Program Files (x86)\NVIDIA Corporation\PhysX\Common;C:\Program Files (x86)\Microsoft SQL Server\100\Tools\Binn\;C:\Program Files\Microsoft SQL Server\100\Tools\Binn\;C:\Program Files\Microsoft SQL Server\100\DTS\Binn\;C:\Program Files (x86)\Microsoft SQL Server\100\Tools\Binn\VSShell\Common7\IDE\;C:\Program Files (x86)\Microsoft Visual Studio 9.0\Common7\IDE\PrivateAssemblies\;C:\Program Files (x86)\Microsoft SQL Server\100\DTS\Binn\
USERNAME=Imp
OS=Windows_NT
PROCESSOR_IDENTIFIER=AMD64 Family 21 Model 2 Stepping 0, AuthenticAMD



---------------  S Y S T E M  ---------------

OS: Windows 7 , 64 bit Build 7601 (6.1.7601.23915)

CPU:total 4 (initial active 4) (4 cores per cpu, 1 threads per core) family 21 model 2 stepping 0, cmov, cx8, fxsr, mmx, sse, sse2, sse3, ssse3, sse4.1, sse4.2, popcnt, avx, aes, clmul, mmxext, 3dnowpref, lzcnt, sse4a, tsc, tscinvbit, tscinv, bmi1

Memory: 4k page, physical 4175992k(765452k free), swap 8350124k(2412240k free)

vm_info: Java HotSpot(TM) 64-Bit Server VM (25.171-b11) for windows-amd64 JRE (1.8.0_171-b11), built on Mar 28 2018 16:06:12 by "java_re" with MS VC++ 10.0 (VS2010)

time: Mon Jan 07 16:53:16 2019
elapsed time: 11 seconds (0d 0h 0m 11s)

