INFO  2019-01-08 02:41:07,185 [JavaFX Application Thread] org.hibernate.Version.logVersion(Version.java:46) HHH000412: Hibernate Core {5.3.2.Final}
INFO  2019-01-08 02:41:07,189 [JavaFX Application Thread] org.hibernate.cfg.Environment.<clinit>(Environment.java:213) HHH000206: hibernate.properties not found
INFO  2019-01-08 02:41:08,242 [main] org.hibernate.annotations.common.reflection.java.JavaReflectionManager.<clinit>(JavaReflectionManager.java:49) HCANN000001: Hibernate Commons Annotations {5.0.4.Final}
INFO  2019-01-08 02:41:09,252 [main] org.hibernate.engine.jdbc.connections.internal.ConnectionProviderInitiator.initiateService(ConnectionProviderInitiator.java:137) HHH000130: Instantiating explicit connection provider: org.hibernate.c3p0.internal.C3P0ConnectionProvider
INFO  2019-01-08 02:41:09,256 [main] org.hibernate.c3p0.internal.C3P0ConnectionProvider.configure(C3P0ConnectionProvider.java:116) HHH010002: C3P0 using driver: com.mysql.cj.jdbc.Driver at URL: jdbc:mysql://localhost:3306/Diagram?useLegacyDatetimeCode=false&serverTimezone=UTC
INFO  2019-01-08 02:41:09,257 [main] org.hibernate.c3p0.internal.C3P0ConnectionProvider.configure(C3P0ConnectionProvider.java:117) HHH10001001: Connection properties: {user=root, password=****}
INFO  2019-01-08 02:41:09,257 [main] org.hibernate.c3p0.internal.C3P0ConnectionProvider.configure(C3P0ConnectionProvider.java:120) HHH10001003: Autocommit mode: false
INFO  2019-01-08 02:41:09,789 [main] org.hibernate.c3p0.internal.C3P0ConnectionProvider.configure(C3P0ConnectionProvider.java:200) HHH10001007: JDBC isolation level: <unknown>
INFO  2019-01-08 02:41:10,296 [main] org.hibernate.dialect.Dialect.<init>(Dialect.java:157) HHH000400: Using dialect: org.hibernate.dialect.MySQL5InnoDBDialect
INFO  2019-01-08 02:41:13,481 [main] org.hibernate.hql.internal.QueryTranslatorFactoryInitiator.initiateService(QueryTranslatorFactoryInitiator.java:47) HHH000397: Using ASTQueryTranslatorFactory
ERROR 2019-01-08 02:41:26,720 [JavaFX Application Thread] com.appscharles.libs.fxer.sneakers.ExceptionDialogThrowSneaker.sneaky(ExceptionDialogThrowSneaker.java:26) java.lang.IllegalStateException: Location is not set.
java.lang.IllegalStateException: Location is not set.
	at javafx.fxml.FXMLLoader.loadImpl(FXMLLoader.java:2434) ~[jfxrt.jar:?]
	at javafx.fxml.FXMLLoader.load(FXMLLoader.java:2409) ~[jfxrt.jar:?]
	at com.appscharles.libs.fxer.views.FxView.createView(FxView.java:59) ~[fxer-1.0.0.1.jar:?]
	at patron.pp.guis.show.PPViewFactory.create(PPViewFactory.java:24) ~[classes/:?]
	at com.appscharles.libs.fxer.guis.popup.controllerExtends._10_PopupPaneControllerExtend.lambda$new$0(_10_PopupPaneControllerExtend.java:27) ~[fxer-1.0.0.1.jar:?]
	at com.appscharles.libs.fxer.abstracts.AbstractStageControllerFxExtend.lambda$null$0(AbstractStageControllerFxExtend.java:88) ~[fxer-1.0.0.1.jar:?]
	at com.appscharles.libs.fxer.sneakers.ExceptionDialogThrowSneaker.sneaky(ExceptionDialogThrowSneaker.java:24) ~[fxer-1.0.0.1.jar:?]
	at com.appscharles.libs.fxer.abstracts.AbstractStageControllerFxExtend.lambda$addOnInitializeWithSneakyThrow$1(AbstractStageControllerFxExtend.java:87) ~[fxer-1.0.0.1.jar:?]
	at com.appscharles.libs.fxer.abstracts.AbstractStageControllerFxExtend.initialize(AbstractStageControllerFxExtend.java:53) ~[fxer-1.0.0.1.jar:?]
	at javafx.fxml.FXMLLoader.loadImpl(FXMLLoader.java:2548) ~[jfxrt.jar:?]
	at javafx.fxml.FXMLLoader.loadImpl(FXMLLoader.java:2441) ~[jfxrt.jar:?]
	at javafx.fxml.FXMLLoader.load(FXMLLoader.java:2409) ~[jfxrt.jar:?]
	at com.appscharles.libs.fxer.factories.FXStageFactory.lambda$create$0(FXStageFactory.java:39) ~[fxer-1.0.0.1.jar:?]
	at com.appscharles.libs.fxer.runners.ThreadPlatform.runAndWait(ThreadPlatform.java:14) ~[fxer-1.0.0.1.jar:?]
	at com.appscharles.libs.fxer.factories.FXStageFactory.create(FXStageFactory.java:37) ~[fxer-1.0.0.1.jar:?]
	at com.appscharles.libs.fxer.guis.popup.PopupStage.showFx(PopupStage.java:53) ~[fxer-1.0.0.1.jar:?]
	at patron.mains.guis.popups.CommonPopup.showAndWaitFx(CommonPopup.java:20) ~[classes/:?]
	at patron.mains.guis.widgets.menu.builders.RootMenuTreeViewBuilder.lambda$null$12(RootMenuTreeViewBuilder.java:100) ~[classes/:?]
	at com.appscharles.libs.fxer.sneakers.ExceptionDialogThrowSneaker.sneaky(ExceptionDialogThrowSneaker.java:24) ~[fxer-1.0.0.1.jar:?]
	at patron.mains.guis.widgets.menu.builders.RootMenuTreeViewBuilder.lambda$build$13(RootMenuTreeViewBuilder.java:99) ~[classes/:?]
	at com.appscharles.libs.fxer.factories.MenuItemNodeFactory.lambda$null$0(MenuItemNodeFactory.java:44) ~[fxer-1.0.0.1.jar:?]
	at com.appscharles.libs.fxer.sneakers.ExceptionDialogThrowSneaker.sneaky(ExceptionDialogThrowSneaker.java:24) ~[fxer-1.0.0.1.jar:?]
	at com.appscharles.libs.fxer.factories.MenuItemNodeFactory.lambda$create$1(MenuItemNodeFactory.java:43) ~[fxer-1.0.0.1.jar:?]
	at com.sun.javafx.event.CompositeEventHandler.dispatchBubblingEvent(CompositeEventHandler.java:86) ~[jfxrt.jar:?]
	at com.sun.javafx.event.EventHandlerManager.dispatchBubblingEvent(EventHandlerManager.java:238) ~[jfxrt.jar:?]
	at com.sun.javafx.event.EventHandlerManager.dispatchBubblingEvent(EventHandlerManager.java:191) ~[jfxrt.jar:?]
	at com.sun.javafx.event.CompositeEventDispatcher.dispatchBubblingEvent(CompositeEventDispatcher.java:59) ~[jfxrt.jar:?]
	at com.sun.javafx.event.BasicEventDispatcher.dispatchEvent(BasicEventDispatcher.java:58) ~[jfxrt.jar:?]
	at com.sun.javafx.event.EventDispatchChainImpl.dispatchEvent(EventDispatchChainImpl.java:114) ~[jfxrt.jar:?]
	at com.sun.javafx.event.BasicEventDispatcher.dispatchEvent(BasicEventDispatcher.java:56) ~[jfxrt.jar:?]
	at com.sun.javafx.event.EventDispatchChainImpl.dispatchEvent(EventDispatchChainImpl.java:114) ~[jfxrt.jar:?]
	at com.sun.javafx.event.BasicEventDispatcher.dispatchEvent(BasicEventDispatcher.java:56) ~[jfxrt.jar:?]
	at com.sun.javafx.event.EventDispatchChainImpl.dispatchEvent(EventDispatchChainImpl.java:114) ~[jfxrt.jar:?]
	at com.sun.javafx.event.BasicEventDispatcher.dispatchEvent(BasicEventDispatcher.java:56) ~[jfxrt.jar:?]
	at com.sun.javafx.event.EventDispatchChainImpl.dispatchEvent(EventDispatchChainImpl.java:114) ~[jfxrt.jar:?]
	at com.sun.javafx.event.BasicEventDispatcher.dispatchEvent(BasicEventDispatcher.java:56) ~[jfxrt.jar:?]
	at com.sun.javafx.event.EventDispatchChainImpl.dispatchEvent(EventDispatchChainImpl.java:114) ~[jfxrt.jar:?]
	at com.sun.javafx.event.BasicEventDispatcher.dispatchEvent(BasicEventDispatcher.java:56) ~[jfxrt.jar:?]
	at com.sun.javafx.event.EventDispatchChainImpl.dispatchEvent(EventDispatchChainImpl.java:114) ~[jfxrt.jar:?]
	at com.sun.javafx.event.BasicEventDispatcher.dispatchEvent(BasicEventDispatcher.java:56) ~[jfxrt.jar:?]
	at com.sun.javafx.event.EventDispatchChainImpl.dispatchEvent(EventDispatchChainImpl.java:114) ~[jfxrt.jar:?]
	at com.sun.javafx.event.EventUtil.fireEventImpl(EventUtil.java:74) ~[jfxrt.jar:?]
	at com.sun.javafx.event.EventUtil.fireEvent(EventUtil.java:54) ~[jfxrt.jar:?]
	at javafx.event.Event.fireEvent(Event.java:198) ~[jfxrt.jar:?]
	at javafx.scene.Scene$ClickGenerator.postProcess(Scene.java:3470) ~[jfxrt.jar:?]
	at javafx.scene.Scene$ClickGenerator.access$8100(Scene.java:3398) ~[jfxrt.jar:?]
	at javafx.scene.Scene$MouseHandler.process(Scene.java:3766) ~[jfxrt.jar:?]
	at javafx.scene.Scene$MouseHandler.access$1500(Scene.java:3485) ~[jfxrt.jar:?]
	at javafx.scene.Scene.impl_processMouseEvent(Scene.java:1762) ~[jfxrt.jar:?]
	at javafx.scene.Scene$ScenePeerListener.mouseEvent(Scene.java:2494) ~[jfxrt.jar:?]
	at com.sun.javafx.tk.quantum.GlassViewEventHandler$MouseEventNotification.run(GlassViewEventHandler.java:394) ~[jfxrt.jar:?]
	at com.sun.javafx.tk.quantum.GlassViewEventHandler$MouseEventNotification.run(GlassViewEventHandler.java:295) ~[jfxrt.jar:?]
	at java.security.AccessController.doPrivileged(Native Method) ~[?:1.8.0_171]
	at com.sun.javafx.tk.quantum.GlassViewEventHandler.lambda$handleMouseEvent$353(GlassViewEventHandler.java:432) ~[jfxrt.jar:?]
	at com.sun.javafx.tk.quantum.QuantumToolkit.runWithoutRenderLock(QuantumToolkit.java:389) ~[jfxrt.jar:?]
	at com.sun.javafx.tk.quantum.GlassViewEventHandler.handleMouseEvent(GlassViewEventHandler.java:431) ~[jfxrt.jar:?]
	at com.sun.glass.ui.View.handleMouseEvent(View.java:555) ~[jfxrt.jar:?]
	at com.sun.glass.ui.View.notifyMouse(View.java:937) ~[jfxrt.jar:?]
	at com.sun.glass.ui.win.WinApplication._enterNestedEventLoopImpl(Native Method) ~[jfxrt.jar:?]
	at com.sun.glass.ui.win.WinApplication._enterNestedEventLoop(WinApplication.java:204) ~[jfxrt.jar:?]
	at com.sun.glass.ui.Application.enterNestedEventLoop(Application.java:511) ~[jfxrt.jar:?]
	at com.sun.glass.ui.EventLoop.enter(EventLoop.java:107) ~[jfxrt.jar:?]
	at com.sun.javafx.tk.quantum.QuantumToolkit.enterNestedEventLoop(QuantumToolkit.java:590) ~[jfxrt.jar:?]
	at javafx.stage.Stage.showAndWait(Stage.java:474) ~[jfxrt.jar:?]
	at com.appscharles.libs.fxer.stages.FXStage.lambda$showAndWaitFX$1(FXStage.java:44) ~[fxer-1.0.0.1.jar:?]
	at com.appscharles.libs.fxer.runners.ThreadPlatform.lambda$runAndWait$0(ThreadPlatform.java:19) ~[fxer-1.0.0.1.jar:?]
	at com.sun.javafx.application.PlatformImpl.lambda$runAndWait$174(PlatformImpl.java:326) ~[jfxrt.jar:?]
	at com.sun.javafx.application.PlatformImpl.lambda$null$172(PlatformImpl.java:295) ~[jfxrt.jar:?]
	at java.security.AccessController.doPrivileged(Native Method) ~[?:1.8.0_171]
	at com.sun.javafx.application.PlatformImpl.lambda$runLater$173(PlatformImpl.java:294) ~[jfxrt.jar:?]
	at com.sun.glass.ui.InvokeLaterDispatcher$Future.run(InvokeLaterDispatcher.java:95) ~[jfxrt.jar:?]
	at com.sun.glass.ui.win.WinApplication._runLoop(Native Method) ~[jfxrt.jar:?]
	at com.sun.glass.ui.win.WinApplication.lambda$null$147(WinApplication.java:177) ~[jfxrt.jar:?]
	at java.lang.Thread.run(Thread.java:748) [?:1.8.0_171]
ERROR 2019-01-08 02:41:31,881 [JavaFX Application Thread] com.appscharles.libs.fxer.sneakers.ExceptionDialogThrowSneaker.sneaky(ExceptionDialogThrowSneaker.java:26) java.lang.IllegalStateException: Location is not set.
java.lang.IllegalStateException: Location is not set.
	at javafx.fxml.FXMLLoader.loadImpl(FXMLLoader.java:2434) ~[jfxrt.jar:?]
	at javafx.fxml.FXMLLoader.load(FXMLLoader.java:2409) ~[jfxrt.jar:?]
	at com.appscharles.libs.fxer.views.FxView.createView(FxView.java:59) ~[fxer-1.0.0.1.jar:?]
	at patron.pp.guis.show.PPViewFactory.create(PPViewFactory.java:24) ~[classes/:?]
	at com.appscharles.libs.fxer.guis.popup.controllerExtends._10_PopupPaneControllerExtend.lambda$new$0(_10_PopupPaneControllerExtend.java:27) ~[fxer-1.0.0.1.jar:?]
	at com.appscharles.libs.fxer.abstracts.AbstractStageControllerFxExtend.lambda$null$0(AbstractStageControllerFxExtend.java:88) ~[fxer-1.0.0.1.jar:?]
	at com.appscharles.libs.fxer.sneakers.ExceptionDialogThrowSneaker.sneaky(ExceptionDialogThrowSneaker.java:24) ~[fxer-1.0.0.1.jar:?]
	at com.appscharles.libs.fxer.abstracts.AbstractStageControllerFxExtend.lambda$addOnInitializeWithSneakyThrow$1(AbstractStageControllerFxExtend.java:87) ~[fxer-1.0.0.1.jar:?]
	at com.appscharles.libs.fxer.abstracts.AbstractStageControllerFxExtend.initialize(AbstractStageControllerFxExtend.java:53) ~[fxer-1.0.0.1.jar:?]
	at javafx.fxml.FXMLLoader.loadImpl(FXMLLoader.java:2548) ~[jfxrt.jar:?]
	at javafx.fxml.FXMLLoader.loadImpl(FXMLLoader.java:2441) ~[jfxrt.jar:?]
	at javafx.fxml.FXMLLoader.load(FXMLLoader.java:2409) ~[jfxrt.jar:?]
	at com.appscharles.libs.fxer.factories.FXStageFactory.lambda$create$0(FXStageFactory.java:39) ~[fxer-1.0.0.1.jar:?]
	at com.appscharles.libs.fxer.runners.ThreadPlatform.runAndWait(ThreadPlatform.java:14) ~[fxer-1.0.0.1.jar:?]
	at com.appscharles.libs.fxer.factories.FXStageFactory.create(FXStageFactory.java:37) ~[fxer-1.0.0.1.jar:?]
	at com.appscharles.libs.fxer.guis.popup.PopupStage.showFx(PopupStage.java:53) ~[fxer-1.0.0.1.jar:?]
	at patron.mains.guis.popups.CommonPopup.showAndWaitFx(CommonPopup.java:20) ~[classes/:?]
	at patron.mains.guis.widgets.menu.builders.RootMenuTreeViewBuilder.lambda$null$12(RootMenuTreeViewBuilder.java:100) ~[classes/:?]
	at com.appscharles.libs.fxer.sneakers.ExceptionDialogThrowSneaker.sneaky(ExceptionDialogThrowSneaker.java:24) ~[fxer-1.0.0.1.jar:?]
	at patron.mains.guis.widgets.menu.builders.RootMenuTreeViewBuilder.lambda$build$13(RootMenuTreeViewBuilder.java:99) ~[classes/:?]
	at com.appscharles.libs.fxer.factories.MenuItemNodeFactory.lambda$null$0(MenuItemNodeFactory.java:44) ~[fxer-1.0.0.1.jar:?]
	at com.appscharles.libs.fxer.sneakers.ExceptionDialogThrowSneaker.sneaky(ExceptionDialogThrowSneaker.java:24) ~[fxer-1.0.0.1.jar:?]
	at com.appscharles.libs.fxer.factories.MenuItemNodeFactory.lambda$create$1(MenuItemNodeFactory.java:43) ~[fxer-1.0.0.1.jar:?]
	at com.sun.javafx.event.CompositeEventHandler.dispatchBubblingEvent(CompositeEventHandler.java:86) ~[jfxrt.jar:?]
	at com.sun.javafx.event.EventHandlerManager.dispatchBubblingEvent(EventHandlerManager.java:238) ~[jfxrt.jar:?]
	at com.sun.javafx.event.EventHandlerManager.dispatchBubblingEvent(EventHandlerManager.java:191) ~[jfxrt.jar:?]
	at com.sun.javafx.event.CompositeEventDispatcher.dispatchBubblingEvent(CompositeEventDispatcher.java:59) ~[jfxrt.jar:?]
	at com.sun.javafx.event.BasicEventDispatcher.dispatchEvent(BasicEventDispatcher.java:58) ~[jfxrt.jar:?]
	at com.sun.javafx.event.EventDispatchChainImpl.dispatchEvent(EventDispatchChainImpl.java:114) ~[jfxrt.jar:?]
	at com.sun.javafx.event.BasicEventDispatcher.dispatchEvent(BasicEventDispatcher.java:56) ~[jfxrt.jar:?]
	at com.sun.javafx.event.EventDispatchChainImpl.dispatchEvent(EventDispatchChainImpl.java:114) ~[jfxrt.jar:?]
	at com.sun.javafx.event.BasicEventDispatcher.dispatchEvent(BasicEventDispatcher.java:56) ~[jfxrt.jar:?]
	at com.sun.javafx.event.EventDispatchChainImpl.dispatchEvent(EventDispatchChainImpl.java:114) ~[jfxrt.jar:?]
	at com.sun.javafx.event.BasicEventDispatcher.dispatchEvent(BasicEventDispatcher.java:56) ~[jfxrt.jar:?]
	at com.sun.javafx.event.EventDispatchChainImpl.dispatchEvent(EventDispatchChainImpl.java:114) ~[jfxrt.jar:?]
	at com.sun.javafx.event.BasicEventDispatcher.dispatchEvent(BasicEventDispatcher.java:56) ~[jfxrt.jar:?]
	at com.sun.javafx.event.EventDispatchChainImpl.dispatchEvent(EventDispatchChainImpl.java:114) ~[jfxrt.jar:?]
	at com.sun.javafx.event.BasicEventDispatcher.dispatchEvent(BasicEventDispatcher.java:56) ~[jfxrt.jar:?]
	at com.sun.javafx.event.EventDispatchChainImpl.dispatchEvent(EventDispatchChainImpl.java:114) ~[jfxrt.jar:?]
	at com.sun.javafx.event.BasicEventDispatcher.dispatchEvent(BasicEventDispatcher.java:56) ~[jfxrt.jar:?]
	at com.sun.javafx.event.EventDispatchChainImpl.dispatchEvent(EventDispatchChainImpl.java:114) ~[jfxrt.jar:?]
	at com.sun.javafx.event.EventUtil.fireEventImpl(EventUtil.java:74) ~[jfxrt.jar:?]
	at com.sun.javafx.event.EventUtil.fireEvent(EventUtil.java:54) ~[jfxrt.jar:?]
	at javafx.event.Event.fireEvent(Event.java:198) ~[jfxrt.jar:?]
	at javafx.scene.Scene$ClickGenerator.postProcess(Scene.java:3470) ~[jfxrt.jar:?]
	at javafx.scene.Scene$ClickGenerator.access$8100(Scene.java:3398) ~[jfxrt.jar:?]
	at javafx.scene.Scene$MouseHandler.process(Scene.java:3766) ~[jfxrt.jar:?]
	at javafx.scene.Scene$MouseHandler.access$1500(Scene.java:3485) ~[jfxrt.jar:?]
	at javafx.scene.Scene.impl_processMouseEvent(Scene.java:1762) ~[jfxrt.jar:?]
	at javafx.scene.Scene$ScenePeerListener.mouseEvent(Scene.java:2494) ~[jfxrt.jar:?]
	at com.sun.javafx.tk.quantum.GlassViewEventHandler$MouseEventNotification.run(GlassViewEventHandler.java:394) ~[jfxrt.jar:?]
	at com.sun.javafx.tk.quantum.GlassViewEventHandler$MouseEventNotification.run(GlassViewEventHandler.java:295) ~[jfxrt.jar:?]
	at java.security.AccessController.doPrivileged(Native Method) ~[?:1.8.0_171]
	at com.sun.javafx.tk.quantum.GlassViewEventHandler.lambda$handleMouseEvent$353(GlassViewEventHandler.java:432) ~[jfxrt.jar:?]
	at com.sun.javafx.tk.quantum.QuantumToolkit.runWithoutRenderLock(QuantumToolkit.java:389) ~[jfxrt.jar:?]
	at com.sun.javafx.tk.quantum.GlassViewEventHandler.handleMouseEvent(GlassViewEventHandler.java:431) ~[jfxrt.jar:?]
	at com.sun.glass.ui.View.handleMouseEvent(View.java:555) ~[jfxrt.jar:?]
	at com.sun.glass.ui.View.notifyMouse(View.java:937) ~[jfxrt.jar:?]
	at com.sun.glass.ui.win.WinApplication._enterNestedEventLoopImpl(Native Method) ~[jfxrt.jar:?]
	at com.sun.glass.ui.win.WinApplication._enterNestedEventLoop(WinApplication.java:204) ~[jfxrt.jar:?]
	at com.sun.glass.ui.Application.enterNestedEventLoop(Application.java:511) ~[jfxrt.jar:?]
	at com.sun.glass.ui.EventLoop.enter(EventLoop.java:107) ~[jfxrt.jar:?]
	at com.sun.javafx.tk.quantum.QuantumToolkit.enterNestedEventLoop(QuantumToolkit.java:590) ~[jfxrt.jar:?]
	at javafx.stage.Stage.showAndWait(Stage.java:474) ~[jfxrt.jar:?]
	at com.appscharles.libs.fxer.stages.FXStage.lambda$showAndWaitFX$1(FXStage.java:44) ~[fxer-1.0.0.1.jar:?]
	at com.appscharles.libs.fxer.runners.ThreadPlatform.lambda$runAndWait$0(ThreadPlatform.java:19) ~[fxer-1.0.0.1.jar:?]
	at com.sun.javafx.application.PlatformImpl.lambda$runAndWait$174(PlatformImpl.java:326) ~[jfxrt.jar:?]
	at com.sun.javafx.application.PlatformImpl.lambda$null$172(PlatformImpl.java:295) ~[jfxrt.jar:?]
	at java.security.AccessController.doPrivileged(Native Method) ~[?:1.8.0_171]
	at com.sun.javafx.application.PlatformImpl.lambda$runLater$173(PlatformImpl.java:294) ~[jfxrt.jar:?]
	at com.sun.glass.ui.InvokeLaterDispatcher$Future.run(InvokeLaterDispatcher.java:95) ~[jfxrt.jar:?]
	at com.sun.glass.ui.win.WinApplication._runLoop(Native Method) ~[jfxrt.jar:?]
	at com.sun.glass.ui.win.WinApplication.lambda$null$147(WinApplication.java:177) ~[jfxrt.jar:?]
	at java.lang.Thread.run(Thread.java:748) [?:1.8.0_171]
ERROR 2019-01-08 02:45:03,947 [JavaFX Application Thread] com.appscharles.libs.fxer.sneakers.ExceptionDialogThrowSneaker.sneaky(ExceptionDialogThrowSneaker.java:26) java.lang.NumberFormatException: For input string: "1500 zł"
java.lang.NumberFormatException: For input string: "1500 zł"
	at sun.misc.FloatingDecimal.readJavaFormatString(FloatingDecimal.java:2043) ~[?:1.8.0_171]
	at sun.misc.FloatingDecimal.parseDouble(FloatingDecimal.java:110) ~[?:1.8.0_171]
	at java.lang.Double.parseDouble(Double.java:538) ~[?:1.8.0_171]
	at java.lang.Double.valueOf(Double.java:502) ~[?:1.8.0_171]
	at patron.events.guis.add.controllerExtend._40_OnActionsControllerExtend.lambda$add$0(_40_OnActionsControllerExtend.java:33) ~[classes/:?]
	at com.appscharles.libs.fxer.abstracts.AbstractViewControllerFxExtend.lambda$sneakyThrow$8(AbstractViewControllerFxExtend.java:161) ~[fxer-1.0.0.1.jar:?]
	at com.appscharles.libs.fxer.sneakers.ExceptionDialogThrowSneaker.sneaky(ExceptionDialogThrowSneaker.java:24) ~[fxer-1.0.0.1.jar:?]
	at com.appscharles.libs.fxer.abstracts.AbstractViewControllerFxExtend.sneakyThrow(AbstractViewControllerFxExtend.java:160) ~[fxer-1.0.0.1.jar:?]
	at patron.events.guis.add.controllerExtend._40_OnActionsControllerExtend.add(_40_OnActionsControllerExtend.java:20) ~[classes/:?]
	at sun.reflect.NativeMethodAccessorImpl.invoke0(Native Method) ~[?:1.8.0_171]
	at sun.reflect.NativeMethodAccessorImpl.invoke(NativeMethodAccessorImpl.java:62) ~[?:1.8.0_171]
	at sun.reflect.DelegatingMethodAccessorImpl.invoke(DelegatingMethodAccessorImpl.java:43) ~[?:1.8.0_171]
	at java.lang.reflect.Method.invoke(Method.java:498) ~[?:1.8.0_171]
	at sun.reflect.misc.Trampoline.invoke(MethodUtil.java:71) ~[?:1.8.0_171]
	at sun.reflect.GeneratedMethodAccessor1.invoke(Unknown Source) ~[?:?]
	at sun.reflect.DelegatingMethodAccessorImpl.invoke(DelegatingMethodAccessorImpl.java:43) ~[?:1.8.0_171]
	at java.lang.reflect.Method.invoke(Method.java:498) ~[?:1.8.0_171]
	at sun.reflect.misc.MethodUtil.invoke(MethodUtil.java:275) ~[?:1.8.0_171]
	at javafx.fxml.FXMLLoader$MethodHandler.invoke(FXMLLoader.java:1771) ~[jfxrt.jar:?]
	at javafx.fxml.FXMLLoader$ControllerMethodEventHandler.handle(FXMLLoader.java:1657) ~[jfxrt.jar:?]
	at com.sun.javafx.event.CompositeEventHandler.dispatchBubblingEvent(CompositeEventHandler.java:86) ~[jfxrt.jar:?]
	at com.sun.javafx.event.EventHandlerManager.dispatchBubblingEvent(EventHandlerManager.java:238) ~[jfxrt.jar:?]
	at com.sun.javafx.event.EventHandlerManager.dispatchBubblingEvent(EventHandlerManager.java:191) ~[jfxrt.jar:?]
	at com.sun.javafx.event.CompositeEventDispatcher.dispatchBubblingEvent(CompositeEventDispatcher.java:59) ~[jfxrt.jar:?]
	at com.sun.javafx.event.BasicEventDispatcher.dispatchEvent(BasicEventDispatcher.java:58) ~[jfxrt.jar:?]
	at com.sun.javafx.event.EventDispatchChainImpl.dispatchEvent(EventDispatchChainImpl.java:114) ~[jfxrt.jar:?]
	at com.sun.javafx.event.BasicEventDispatcher.dispatchEvent(BasicEventDispatcher.java:56) ~[jfxrt.jar:?]
	at com.sun.javafx.event.EventDispatchChainImpl.dispatchEvent(EventDispatchChainImpl.java:114) ~[jfxrt.jar:?]
	at com.sun.javafx.event.BasicEventDispatcher.dispatchEvent(BasicEventDispatcher.java:56) ~[jfxrt.jar:?]
	at com.sun.javafx.event.EventDispatchChainImpl.dispatchEvent(EventDispatchChainImpl.java:114) ~[jfxrt.jar:?]
	at com.sun.javafx.event.EventUtil.fireEventImpl(EventUtil.java:74) ~[jfxrt.jar:?]
	at com.sun.javafx.event.EventUtil.fireEvent(EventUtil.java:49) ~[jfxrt.jar:?]
	at javafx.event.Event.fireEvent(Event.java:198) ~[jfxrt.jar:?]
	at javafx.scene.Node.fireEvent(Node.java:8413) ~[jfxrt.jar:?]
	at javafx.scene.control.Button.fire(Button.java:185) ~[jfxrt.jar:?]
	at com.sun.javafx.scene.control.behavior.ButtonBehavior.mouseReleased(ButtonBehavior.java:182) ~[jfxrt.jar:?]
	at com.sun.javafx.scene.control.skin.BehaviorSkinBase$1.handle(BehaviorSkinBase.java:96) ~[jfxrt.jar:?]
	at com.sun.javafx.scene.control.skin.BehaviorSkinBase$1.handle(BehaviorSkinBase.java:89) ~[jfxrt.jar:?]
	at com.sun.javafx.event.CompositeEventHandler$NormalEventHandlerRecord.handleBubblingEvent(CompositeEventHandler.java:218) ~[jfxrt.jar:?]
	at com.sun.javafx.event.CompositeEventHandler.dispatchBubblingEvent(CompositeEventHandler.java:80) ~[jfxrt.jar:?]
	at com.sun.javafx.event.EventHandlerManager.dispatchBubblingEvent(EventHandlerManager.java:238) ~[jfxrt.jar:?]
	at com.sun.javafx.event.EventHandlerManager.dispatchBubblingEvent(EventHandlerManager.java:191) ~[jfxrt.jar:?]
	at com.sun.javafx.event.CompositeEventDispatcher.dispatchBubblingEvent(CompositeEventDispatcher.java:59) ~[jfxrt.jar:?]
	at com.sun.javafx.event.BasicEventDispatcher.dispatchEvent(BasicEventDispatcher.java:58) ~[jfxrt.jar:?]
	at com.sun.javafx.event.EventDispatchChainImpl.dispatchEvent(EventDispatchChainImpl.java:114) ~[jfxrt.jar:?]
	at com.sun.javafx.event.BasicEventDispatcher.dispatchEvent(BasicEventDispatcher.java:56) ~[jfxrt.jar:?]
	at com.sun.javafx.event.EventDispatchChainImpl.dispatchEvent(EventDispatchChainImpl.java:114) ~[jfxrt.jar:?]
	at com.sun.javafx.event.BasicEventDispatcher.dispatchEvent(BasicEventDispatcher.java:56) ~[jfxrt.jar:?]
	at com.sun.javafx.event.EventDispatchChainImpl.dispatchEvent(EventDispatchChainImpl.java:114) ~[jfxrt.jar:?]
	at com.sun.javafx.event.EventUtil.fireEventImpl(EventUtil.java:74) ~[jfxrt.jar:?]
	at com.sun.javafx.event.EventUtil.fireEvent(EventUtil.java:49) ~[jfxrt.jar:?]
	at javafx.event.Event.fireEvent(Event.java:198) ~[jfxrt.jar:?]
	at javafx.scene.Scene$MouseHandler.process(Scene.java:3757) ~[jfxrt.jar:?]
	at javafx.scene.Scene$MouseHandler.access$1500(Scene.java:3485) ~[jfxrt.jar:?]
	at javafx.scene.Scene.impl_processMouseEvent(Scene.java:1762) ~[jfxrt.jar:?]
	at javafx.scene.Scene$ScenePeerListener.mouseEvent(Scene.java:2494) ~[jfxrt.jar:?]
	at com.sun.javafx.tk.quantum.GlassViewEventHandler$MouseEventNotification.run(GlassViewEventHandler.java:394) ~[jfxrt.jar:?]
	at com.sun.javafx.tk.quantum.GlassViewEventHandler$MouseEventNotification.run(GlassViewEventHandler.java:295) ~[jfxrt.jar:?]
	at java.security.AccessController.doPrivileged(Native Method) ~[?:1.8.0_171]
	at com.sun.javafx.tk.quantum.GlassViewEventHandler.lambda$handleMouseEvent$353(GlassViewEventHandler.java:432) ~[jfxrt.jar:?]
	at com.sun.javafx.tk.quantum.QuantumToolkit.runWithoutRenderLock(QuantumToolkit.java:389) ~[jfxrt.jar:?]
	at com.sun.javafx.tk.quantum.GlassViewEventHandler.handleMouseEvent(GlassViewEventHandler.java:431) ~[jfxrt.jar:?]
	at com.sun.glass.ui.View.handleMouseEvent(View.java:555) ~[jfxrt.jar:?]
	at com.sun.glass.ui.View.notifyMouse(View.java:937) ~[jfxrt.jar:?]
	at com.sun.glass.ui.win.WinApplication._enterNestedEventLoopImpl(Native Method) ~[jfxrt.jar:?]
	at com.sun.glass.ui.win.WinApplication._enterNestedEventLoop(WinApplication.java:204) ~[jfxrt.jar:?]
	at com.sun.glass.ui.Application.enterNestedEventLoop(Application.java:511) ~[jfxrt.jar:?]
	at com.sun.glass.ui.EventLoop.enter(EventLoop.java:107) ~[jfxrt.jar:?]
	at com.sun.javafx.tk.quantum.QuantumToolkit.enterNestedEventLoop(QuantumToolkit.java:590) ~[jfxrt.jar:?]
	at javafx.stage.Stage.showAndWait(Stage.java:474) ~[jfxrt.jar:?]
	at com.appscharles.libs.fxer.stages.FXStage.lambda$showAndWaitFX$1(FXStage.java:44) ~[fxer-1.0.0.1.jar:?]
	at com.appscharles.libs.fxer.runners.ThreadPlatform.runAndWait(ThreadPlatform.java:14) ~[fxer-1.0.0.1.jar:?]
	at com.appscharles.libs.fxer.stages.FXStage.showAndWaitFX(FXStage.java:43) ~[fxer-1.0.0.1.jar:?]
	at com.appscharles.libs.fxer.guis.popup.PopupStage.showFx(PopupStage.java:56) ~[fxer-1.0.0.1.jar:?]
	at patron.mains.guis.popups.CommonPopup.showAndWaitFx(CommonPopup.java:20) ~[classes/:?]
	at patron.events.guis.list.controllerExtend._30_OnActionsControllerExtend.lambda$add$0(_30_OnActionsControllerExtend.java:18) ~[classes/:?]
	at com.appscharles.libs.fxer.abstracts.AbstractViewControllerFxExtend.lambda$sneakyThrow$8(AbstractViewControllerFxExtend.java:161) ~[fxer-1.0.0.1.jar:?]
	at com.appscharles.libs.fxer.sneakers.ExceptionDialogThrowSneaker.sneaky(ExceptionDialogThrowSneaker.java:24) ~[fxer-1.0.0.1.jar:?]
	at com.appscharles.libs.fxer.abstracts.AbstractViewControllerFxExtend.sneakyThrow(AbstractViewControllerFxExtend.java:160) ~[fxer-1.0.0.1.jar:?]
	at patron.events.guis.list.controllerExtend._30_OnActionsControllerExtend.add(_30_OnActionsControllerExtend.java:17) ~[classes/:?]
	at sun.reflect.NativeMethodAccessorImpl.invoke0(Native Method) ~[?:1.8.0_171]
	at sun.reflect.NativeMethodAccessorImpl.invoke(NativeMethodAccessorImpl.java:62) ~[?:1.8.0_171]
	at sun.reflect.DelegatingMethodAccessorImpl.invoke(DelegatingMethodAccessorImpl.java:43) ~[?:1.8.0_171]
	at java.lang.reflect.Method.invoke(Method.java:498) ~[?:1.8.0_171]
	at sun.reflect.misc.Trampoline.invoke(MethodUtil.java:71) ~[?:1.8.0_171]
	at sun.reflect.GeneratedMethodAccessor1.invoke(Unknown Source) ~[?:?]
	at sun.reflect.DelegatingMethodAccessorImpl.invoke(DelegatingMethodAccessorImpl.java:43) ~[?:1.8.0_171]
	at java.lang.reflect.Method.invoke(Method.java:498) ~[?:1.8.0_171]
	at sun.reflect.misc.MethodUtil.invoke(MethodUtil.java:275) ~[?:1.8.0_171]
	at javafx.fxml.FXMLLoader$MethodHandler.invoke(FXMLLoader.java:1771) ~[jfxrt.jar:?]
	at javafx.fxml.FXMLLoader$ControllerMethodEventHandler.handle(FXMLLoader.java:1657) ~[jfxrt.jar:?]
	at com.sun.javafx.event.CompositeEventHandler.dispatchBubblingEvent(CompositeEventHandler.java:86) ~[jfxrt.jar:?]
	at com.sun.javafx.event.EventHandlerManager.dispatchBubblingEvent(EventHandlerManager.java:238) ~[jfxrt.jar:?]
	at com.sun.javafx.event.EventHandlerManager.dispatchBubblingEvent(EventHandlerManager.java:191) ~[jfxrt.jar:?]
	at com.sun.javafx.event.CompositeEventDispatcher.dispatchBubblingEvent(CompositeEventDispatcher.java:59) ~[jfxrt.jar:?]
	at com.sun.javafx.event.BasicEventDispatcher.dispatchEvent(BasicEventDispatcher.java:58) ~[jfxrt.jar:?]
	at com.sun.javafx.event.EventDispatchChainImpl.dispatchEvent(EventDispatchChainImpl.java:114) ~[jfxrt.jar:?]
	at com.sun.javafx.event.BasicEventDispatcher.dispatchEvent(BasicEventDispatcher.java:56) ~[jfxrt.jar:?]
	at com.sun.javafx.event.EventDispatchChainImpl.dispatchEvent(EventDispatchChainImpl.java:114) ~[jfxrt.jar:?]
	at com.sun.javafx.event.BasicEventDispatcher.dispatchEvent(BasicEventDispatcher.java:56) ~[jfxrt.jar:?]
	at com.sun.javafx.event.EventDispatchChainImpl.dispatchEvent(EventDispatchChainImpl.java:114) ~[jfxrt.jar:?]
	at com.sun.javafx.event.BasicEventDispatcher.dispatchEvent(BasicEventDispatcher.java:56) ~[jfxrt.jar:?]
	at com.sun.javafx.event.EventDispatchChainImpl.dispatchEvent(EventDispatchChainImpl.java:114) ~[jfxrt.jar:?]
	at com.sun.javafx.event.EventUtil.fireEventImpl(EventUtil.java:74) ~[jfxrt.jar:?]
	at com.sun.javafx.event.EventUtil.fireEvent(EventUtil.java:49) ~[jfxrt.jar:?]
	at javafx.event.Event.fireEvent(Event.java:198) ~[jfxrt.jar:?]
	at javafx.scene.Node.fireEvent(Node.java:8413) ~[jfxrt.jar:?]
	at javafx.scene.control.Button.fire(Button.java:185) ~[jfxrt.jar:?]
	at com.sun.javafx.scene.control.behavior.ButtonBehavior.mouseReleased(ButtonBehavior.java:182) ~[jfxrt.jar:?]
	at com.sun.javafx.scene.control.skin.BehaviorSkinBase$1.handle(BehaviorSkinBase.java:96) ~[jfxrt.jar:?]
	at com.sun.javafx.scene.control.skin.BehaviorSkinBase$1.handle(BehaviorSkinBase.java:89) ~[jfxrt.jar:?]
	at com.sun.javafx.event.CompositeEventHandler$NormalEventHandlerRecord.handleBubblingEvent(CompositeEventHandler.java:218) ~[jfxrt.jar:?]
	at com.sun.javafx.event.CompositeEventHandler.dispatchBubblingEvent(CompositeEventHandler.java:80) ~[jfxrt.jar:?]
	at com.sun.javafx.event.EventHandlerManager.dispatchBubblingEvent(EventHandlerManager.java:238) ~[jfxrt.jar:?]
	at com.sun.javafx.event.EventHandlerManager.dispatchBubblingEvent(EventHandlerManager.java:191) ~[jfxrt.jar:?]
	at com.sun.javafx.event.CompositeEventDispatcher.dispatchBubblingEvent(CompositeEventDispatcher.java:59) ~[jfxrt.jar:?]
	at com.sun.javafx.event.BasicEventDispatcher.dispatchEvent(BasicEventDispatcher.java:58) ~[jfxrt.jar:?]
	at com.sun.javafx.event.EventDispatchChainImpl.dispatchEvent(EventDispatchChainImpl.java:114) ~[jfxrt.jar:?]
	at com.sun.javafx.event.BasicEventDispatcher.dispatchEvent(BasicEventDispatcher.java:56) ~[jfxrt.jar:?]
	at com.sun.javafx.event.EventDispatchChainImpl.dispatchEvent(EventDispatchChainImpl.java:114) ~[jfxrt.jar:?]
	at com.sun.javafx.event.BasicEventDispatcher.dispatchEvent(BasicEventDispatcher.java:56) ~[jfxrt.jar:?]
	at com.sun.javafx.event.EventDispatchChainImpl.dispatchEvent(EventDispatchChainImpl.java:114) ~[jfxrt.jar:?]
	at com.sun.javafx.event.BasicEventDispatcher.dispatchEvent(BasicEventDispatcher.java:56) ~[jfxrt.jar:?]
	at com.sun.javafx.event.EventDispatchChainImpl.dispatchEvent(EventDispatchChainImpl.java:114) ~[jfxrt.jar:?]
	at com.sun.javafx.event.EventUtil.fireEventImpl(EventUtil.java:74) ~[jfxrt.jar:?]
	at com.sun.javafx.event.EventUtil.fireEvent(EventUtil.java:54) ~[jfxrt.jar:?]
	at javafx.event.Event.fireEvent(Event.java:198) ~[jfxrt.jar:?]
	at javafx.scene.Scene$MouseHandler.process(Scene.java:3757) ~[jfxrt.jar:?]
	at javafx.scene.Scene$MouseHandler.access$1500(Scene.java:3485) ~[jfxrt.jar:?]
	at javafx.scene.Scene.impl_processMouseEvent(Scene.java:1762) ~[jfxrt.jar:?]
	at javafx.scene.Scene$ScenePeerListener.mouseEvent(Scene.java:2494) ~[jfxrt.jar:?]
	at com.sun.javafx.tk.quantum.GlassViewEventHandler$MouseEventNotification.run(GlassViewEventHandler.java:394) ~[jfxrt.jar:?]
	at com.sun.javafx.tk.quantum.GlassViewEventHandler$MouseEventNotification.run(GlassViewEventHandler.java:295) ~[jfxrt.jar:?]
	at java.security.AccessController.doPrivileged(Native Method) ~[?:1.8.0_171]
	at com.sun.javafx.tk.quantum.GlassViewEventHandler.lambda$handleMouseEvent$353(GlassViewEventHandler.java:432) ~[jfxrt.jar:?]
	at com.sun.javafx.tk.quantum.QuantumToolkit.runWithoutRenderLock(QuantumToolkit.java:389) ~[jfxrt.jar:?]
	at com.sun.javafx.tk.quantum.GlassViewEventHandler.handleMouseEvent(GlassViewEventHandler.java:431) ~[jfxrt.jar:?]
	at com.sun.glass.ui.View.handleMouseEvent(View.java:555) ~[jfxrt.jar:?]
	at com.sun.glass.ui.View.notifyMouse(View.java:937) ~[jfxrt.jar:?]
	at com.sun.glass.ui.win.WinApplication._enterNestedEventLoopImpl(Native Method) ~[jfxrt.jar:?]
	at com.sun.glass.ui.win.WinApplication._enterNestedEventLoop(WinApplication.java:204) ~[jfxrt.jar:?]
	at com.sun.glass.ui.Application.enterNestedEventLoop(Application.java:511) ~[jfxrt.jar:?]
	at com.sun.glass.ui.EventLoop.enter(EventLoop.java:107) ~[jfxrt.jar:?]
	at com.sun.javafx.tk.quantum.QuantumToolkit.enterNestedEventLoop(QuantumToolkit.java:590) ~[jfxrt.jar:?]
	at javafx.stage.Stage.showAndWait(Stage.java:474) ~[jfxrt.jar:?]
	at com.appscharles.libs.fxer.stages.FXStage.lambda$showAndWaitFX$1(FXStage.java:44) ~[fxer-1.0.0.1.jar:?]
	at com.appscharles.libs.fxer.runners.ThreadPlatform.lambda$runAndWait$0(ThreadPlatform.java:19) ~[fxer-1.0.0.1.jar:?]
	at com.sun.javafx.application.PlatformImpl.lambda$runAndWait$174(PlatformImpl.java:326) ~[jfxrt.jar:?]
	at com.sun.javafx.application.PlatformImpl.lambda$null$172(PlatformImpl.java:295) ~[jfxrt.jar:?]
	at java.security.AccessController.doPrivileged(Native Method) ~[?:1.8.0_171]
	at com.sun.javafx.application.PlatformImpl.lambda$runLater$173(PlatformImpl.java:294) ~[jfxrt.jar:?]
	at com.sun.glass.ui.InvokeLaterDispatcher$Future.run(InvokeLaterDispatcher.java:95) ~[jfxrt.jar:?]
	at com.sun.glass.ui.win.WinApplication._runLoop(Native Method) ~[jfxrt.jar:?]
	at com.sun.glass.ui.win.WinApplication.lambda$null$147(WinApplication.java:177) ~[jfxrt.jar:?]
	at java.lang.Thread.run(Thread.java:748) [?:1.8.0_171]
